Traceback (most recent call last):
  File "/data/cloud/Programming/aideadlines/./src/update_data.py", line 159, in <module>
    file_confs = yaml.safe_load(f)
  File "/data/cloud/Programming/aideadlines/venv/lib64/python3.13/site-packages/yaml/__init__.py", line 125, in safe_load
    return load(stream, SafeLoader)
  File "/data/cloud/Programming/aideadlines/venv/lib64/python3.13/site-packages/yaml/__init__.py", line 81, in load
    return loader.get_single_data()
           ~~~~~~~~~~~~~~~~~~~~~~^^
  File "/data/cloud/Programming/aideadlines/venv/lib64/python3.13/site-packages/yaml/constructor.py", line 49, in get_single_data
    node = self.get_single_node()
  File "/data/cloud/Programming/aideadlines/venv/lib64/python3.13/site-packages/yaml/composer.py", line 36, in get_single_node
    document = self.compose_document()
  File "/data/cloud/Programming/aideadlines/venv/lib64/python3.13/site-packages/yaml/composer.py", line 55, in compose_document
    node = self.compose_node(None, None)
  File "/data/cloud/Programming/aideadlines/venv/lib64/python3.13/site-packages/yaml/composer.py", line 84, in compose_node
    node = self.compose_mapping_node(anchor)
  File "/data/cloud/Programming/aideadlines/venv/lib64/python3.13/site-packages/yaml/composer.py", line 133, in compose_mapping_node
    item_value = self.compose_node(node, item_key)
  File "/data/cloud/Programming/aideadlines/venv/lib64/python3.13/site-packages/yaml/composer.py", line 84, in compose_node
    node = self.compose_mapping_node(anchor)
  File "/data/cloud/Programming/aideadlines/venv/lib64/python3.13/site-packages/yaml/composer.py", line 133, in compose_mapping_node
    item_value = self.compose_node(node, item_key)
  File "/data/cloud/Programming/aideadlines/venv/lib64/python3.13/site-packages/yaml/composer.py", line 64, in compose_node
    if self.check_event(AliasEvent):
       ~~~~~~~~~~~~~~~~^^^^^^^^^^^^
  File "/data/cloud/Programming/aideadlines/venv/lib64/python3.13/site-packages/yaml/parser.py", line 98, in check_event
    self.current_event = self.state()
                         ~~~~~~~~~~^^
  File "/data/cloud/Programming/aideadlines/venv/lib64/python3.13/site-packages/yaml/parser.py", line 451, in parse_block_mapping_value
    return self.parse_block_node_or_indentless_sequence()
           ~~~~~~~~~~~~~~~~~~~~~~~~~~~~~~~~~~~~~~~~~~~~^^
  File "/data/cloud/Programming/aideadlines/venv/lib64/python3.13/site-packages/yaml/parser.py", line 271, in parse_block_node_or_indentless_sequence
    return self.parse_node(block=True, indentless_sequence=True)
           ~~~~~~~~~~~~~~~^^^^^^^^^^^^^^^^^^^^^^^^^^^^^^^^^^^^^^
  File "/data/cloud/Programming/aideadlines/venv/lib64/python3.13/site-packages/yaml/parser.py", line 326, in parse_node
    token = self.get_token()
  File "/data/cloud/Programming/aideadlines/venv/lib64/python3.13/site-packages/yaml/scanner.py", line 135, in get_token
    def get_token(self):
    
KeyboardInterrupt
